<?xml version="1.0" encoding="UTF-8"?>
<robot generator="Robot 3.1.2 (Python 3.6.5 on win32)" generated="20190818 21:40:10.116" rpa="false">
<suite id="s1" name="Car Leasing" source="C:\Users\Gamma Test\PycharmProjects\WebDemo\regression_tests\car_leasing.robot">
<test id="s1-t1" name="Car Leasing Operational Lease">
<kw name="Open Browser To Car Leasing Page" library="resource">
<kw name="Open Browser" library="Selenium2Library">
<doc>Opens a new browser instance to the given ``url``.</doc>
<arguments>
<arg>${CAR LEASING URL}</arg>
<arg>${BROWSER}</arg>
</arguments>
<msg timestamp="20190818 21:40:10.409" level="INFO">Opening browser 'Chrome' to base url 'https://www.seb.ee/eng/loan-and-leasing/leasing/car-leasing#calculator'.</msg>
<status status="PASS" starttime="20190818 21:40:10.409" endtime="20190818 21:40:15.124"></status>
</kw>
<kw name="Maximize Browser Window" library="Selenium2Library">
<doc>Maximizes current browser window.</doc>
<status status="PASS" starttime="20190818 21:40:15.125" endtime="20190818 21:40:15.270"></status>
</kw>
<kw name="Set Selenium Speed" library="Selenium2Library">
<doc>Sets the delay that is waited after each Selenium command.</doc>
<arguments>
<arg>${DELAY}</arg>
</arguments>
<status status="PASS" starttime="20190818 21:40:15.270" endtime="20190818 21:40:15.271"></status>
</kw>
<kw name="Car leasing page Should Be Open" library="resource">
<kw name="Location Should Be" library="Selenium2Library">
<doc>Verifies that current URL is exactly ``url``.</doc>
<arguments>
<arg>${CAR LEASING URL}</arg>
</arguments>
<msg timestamp="20190818 21:40:15.285" level="INFO">Current location is 'https://www.seb.ee/eng/loan-and-leasing/leasing/car-leasing#calculator'.</msg>
<status status="PASS" starttime="20190818 21:40:15.271" endtime="20190818 21:40:15.285"></status>
</kw>
<kw name="Title Should Be" library="Selenium2Library">
<doc>Verifies that current page title equals ``title``.</doc>
<arguments>
<arg>Car leasing | SEB</arg>
</arguments>
<msg timestamp="20190818 21:40:15.304" level="INFO">Page title is 'Car leasing | SEB'.</msg>
<status status="PASS" starttime="20190818 21:40:15.285" endtime="20190818 21:40:15.304"></status>
</kw>
<status status="PASS" starttime="20190818 21:40:15.271" endtime="20190818 21:40:15.304"></status>
</kw>
<status status="PASS" starttime="20190818 21:40:10.409" endtime="20190818 21:40:15.304"></status>
</kw>
<kw name="Car leasing page Should Be Open" library="resource">
<kw name="Location Should Be" library="Selenium2Library">
<doc>Verifies that current URL is exactly ``url``.</doc>
<arguments>
<arg>${CAR LEASING URL}</arg>
</arguments>
<msg timestamp="20190818 21:40:15.316" level="INFO">Current location is 'https://www.seb.ee/eng/loan-and-leasing/leasing/car-leasing#calculator'.</msg>
<status status="PASS" starttime="20190818 21:40:15.306" endtime="20190818 21:40:15.316"></status>
</kw>
<kw name="Title Should Be" library="Selenium2Library">
<doc>Verifies that current page title equals ``title``.</doc>
<arguments>
<arg>Car leasing | SEB</arg>
</arguments>
<msg timestamp="20190818 21:40:15.328" level="INFO">Page title is 'Car leasing | SEB'.</msg>
<status status="PASS" starttime="20190818 21:40:15.317" endtime="20190818 21:40:15.328"></status>
</kw>
<status status="PASS" starttime="20190818 21:40:15.306" endtime="20190818 21:40:15.328"></status>
</kw>
<kw name="Accept Cookies" library="resource">
<kw name="Click Link" library="Selenium2Library">
<doc>Clicks a link identified by ``locator``.</doc>
<arguments>
<arg>I agree</arg>
</arguments>
<msg timestamp="20190818 21:40:15.330" level="INFO">Clicking link 'I agree'.</msg>
<status status="PASS" starttime="20190818 21:40:15.330" endtime="20190818 21:40:15.626"></status>
</kw>
<status status="PASS" starttime="20190818 21:40:15.329" endtime="20190818 21:40:15.626"></status>
</kw>
<kw name="Select Leasing Calculator Frame" library="resource">
<kw name="Select Frame" library="Selenium2Library">
<doc>Sets frame identified by ``locator`` as the current frame.</doc>
<arguments>
<arg>css=.calculator-frame</arg>
</arguments>
<msg timestamp="20190818 21:40:15.629" level="INFO">Selecting frame 'css=.calculator-frame'.</msg>
<status status="PASS" starttime="20190818 21:40:15.628" endtime="20190818 21:40:15.714"></status>
</kw>
<status status="PASS" starttime="20190818 21:40:15.627" endtime="20190818 21:40:15.714"></status>
</kw>
<kw name="Select Car Operating Lease" library="resource">
<kw name="Click Element" library="Selenium2Library">
<doc>Click element identified by ``locator``.</doc>
<arguments>
<arg>calc08-type01</arg>
</arguments>
<msg timestamp="20190818 21:40:15.715" level="INFO">Clicking element 'calc08-type01'.</msg>
<status status="PASS" starttime="20190818 21:40:15.715" endtime="20190818 21:40:15.903"></status>
</kw>
<status status="PASS" starttime="20190818 21:40:15.715" endtime="20190818 21:40:15.903"></status>
</kw>
<kw name="Input Vehicle Price Value" library="resource">
<arguments>
<arg>10000</arg>
</arguments>
<kw name="Input Text" library="Selenium2Library">
<doc>Types the given ``text`` into text field identified by ``locator``.</doc>
<arguments>
<arg>calc08-sum</arg>
<arg>${VEHICLE PRICE}</arg>
</arguments>
<msg timestamp="20190818 21:40:15.905" level="INFO">Typing text '10000' into text field 'calc08-sum'.</msg>
<status status="PASS" starttime="20190818 21:40:15.904" endtime="20190818 21:40:16.083"></status>
</kw>
<status status="PASS" starttime="20190818 21:40:15.904" endtime="20190818 21:40:16.083"></status>
</kw>
<kw name="Input Vehicle Downpayment" library="resource">
<arguments>
<arg>20</arg>
</arguments>
<kw name="Input Text" library="Selenium2Library">
<doc>Types the given ``text`` into text field identified by ``locator``.</doc>
<arguments>
<arg>calc08-deposit</arg>
<arg>${DOWNPAYMENT}</arg>
</arguments>
<msg timestamp="20190818 21:40:16.086" level="INFO">Typing text '20' into text field 'calc08-deposit'.</msg>
<status status="PASS" starttime="20190818 21:40:16.086" endtime="20190818 21:40:16.241"></status>
</kw>
<status status="PASS" starttime="20190818 21:40:16.085" endtime="20190818 21:40:16.241"></status>
</kw>
<kw name="Sleep" library="BuiltIn">
<doc>Pauses the test executed for the given time.</doc>
<arguments>
<arg>10s</arg>
</arguments>
<msg timestamp="20190818 21:40:26.243" level="INFO">Slept 10 seconds</msg>
<status status="PASS" starttime="20190818 21:40:16.241" endtime="20190818 21:40:26.243"></status>
</kw>
<kw name="Close Browser" library="Selenium2Library" type="teardown">
<doc>Closes the current browser.</doc>
<status status="PASS" starttime="20190818 21:40:26.244" endtime="20190818 21:40:27.540"></status>
</kw>
<status status="PASS" starttime="20190818 21:40:10.407" endtime="20190818 21:40:27.541" critical="yes"></status>
</test>
<test id="s1-t2" name="Car Leasing Financial Lease with VAT">
<kw name="Open Browser To Car Leasing Page" library="resource">
<kw name="Open Browser" library="Selenium2Library">
<doc>Opens a new browser instance to the given ``url``.</doc>
<arguments>
<arg>${CAR LEASING URL}</arg>
<arg>${BROWSER}</arg>
</arguments>
<msg timestamp="20190818 21:40:27.545" level="INFO">Opening browser 'Chrome' to base url 'https://www.seb.ee/eng/loan-and-leasing/leasing/car-leasing#calculator'.</msg>
<status status="PASS" starttime="20190818 21:40:27.544" endtime="20190818 21:40:32.350"></status>
</kw>
<kw name="Maximize Browser Window" library="Selenium2Library">
<doc>Maximizes current browser window.</doc>
<status status="PASS" starttime="20190818 21:40:32.350" endtime="20190818 21:40:32.637"></status>
</kw>
<kw name="Set Selenium Speed" library="Selenium2Library">
<doc>Sets the delay that is waited after each Selenium command.</doc>
<arguments>
<arg>${DELAY}</arg>
</arguments>
<status status="PASS" starttime="20190818 21:40:32.637" endtime="20190818 21:40:32.638"></status>
</kw>
<kw name="Car leasing page Should Be Open" library="resource">
<kw name="Location Should Be" library="Selenium2Library">
<doc>Verifies that current URL is exactly ``url``.</doc>
<arguments>
<arg>${CAR LEASING URL}</arg>
</arguments>
<msg timestamp="20190818 21:40:32.701" level="INFO">Current location is 'https://www.seb.ee/eng/loan-and-leasing/leasing/car-leasing#calculator'.</msg>
<status status="PASS" starttime="20190818 21:40:32.640" endtime="20190818 21:40:32.701"></status>
</kw>
<kw name="Title Should Be" library="Selenium2Library">
<doc>Verifies that current page title equals ``title``.</doc>
<arguments>
<arg>Car leasing | SEB</arg>
</arguments>
<msg timestamp="20190818 21:40:32.714" level="INFO">Page title is 'Car leasing | SEB'.</msg>
<status status="PASS" starttime="20190818 21:40:32.701" endtime="20190818 21:40:32.714"></status>
</kw>
<status status="PASS" starttime="20190818 21:40:32.639" endtime="20190818 21:40:32.714"></status>
</kw>
<status status="PASS" starttime="20190818 21:40:27.544" endtime="20190818 21:40:32.715"></status>
</kw>
<kw name="Car leasing page Should Be Open" library="resource">
<kw name="Location Should Be" library="Selenium2Library">
<doc>Verifies that current URL is exactly ``url``.</doc>
<arguments>
<arg>${CAR LEASING URL}</arg>
</arguments>
<msg timestamp="20190818 21:40:32.724" level="INFO">Current location is 'https://www.seb.ee/eng/loan-and-leasing/leasing/car-leasing#calculator'.</msg>
<status status="PASS" starttime="20190818 21:40:32.716" endtime="20190818 21:40:32.724"></status>
</kw>
<kw name="Title Should Be" library="Selenium2Library">
<doc>Verifies that current page title equals ``title``.</doc>
<arguments>
<arg>Car leasing | SEB</arg>
</arguments>
<msg timestamp="20190818 21:40:32.733" level="INFO">Page title is 'Car leasing | SEB'.</msg>
<status status="PASS" starttime="20190818 21:40:32.725" endtime="20190818 21:40:32.733"></status>
</kw>
<status status="PASS" starttime="20190818 21:40:32.715" endtime="20190818 21:40:32.734"></status>
</kw>
<kw name="Accept Cookies" library="resource">
<kw name="Click Link" library="Selenium2Library">
<doc>Clicks a link identified by ``locator``.</doc>
<arguments>
<arg>I agree</arg>
</arguments>
<msg timestamp="20190818 21:40:32.735" level="INFO">Clicking link 'I agree'.</msg>
<status status="PASS" starttime="20190818 21:40:32.735" endtime="20190818 21:40:33.099"></status>
</kw>
<status status="PASS" starttime="20190818 21:40:32.734" endtime="20190818 21:40:33.099"></status>
</kw>
<kw name="Select Leasing Calculator Frame" library="resource">
<kw name="Select Frame" library="Selenium2Library">
<doc>Sets frame identified by ``locator`` as the current frame.</doc>
<arguments>
<arg>css=.calculator-frame</arg>
</arguments>
<msg timestamp="20190818 21:40:33.101" level="INFO">Selecting frame 'css=.calculator-frame'.</msg>
<status status="PASS" starttime="20190818 21:40:33.101" endtime="20190818 21:40:33.204"></status>
</kw>
<status status="PASS" starttime="20190818 21:40:33.100" endtime="20190818 21:40:33.204"></status>
</kw>
<kw name="Select Car Financial Lease" library="resource">
<kw name="Click Element" library="Selenium2Library">
<doc>Click element identified by ``locator``.</doc>
<arguments>
<arg>calc08-type02</arg>
</arguments>
<msg timestamp="20190818 21:40:33.206" level="INFO">Clicking element 'calc08-type02'.</msg>
<status status="PASS" starttime="20190818 21:40:33.205" endtime="20190818 21:40:33.443"></status>
</kw>
<status status="PASS" starttime="20190818 21:40:33.205" endtime="20190818 21:40:33.443"></status>
</kw>
<kw name="Input Vehicle Price Value" library="resource">
<arguments>
<arg>10000</arg>
</arguments>
<kw name="Input Text" library="Selenium2Library">
<doc>Types the given ``text`` into text field identified by ``locator``.</doc>
<arguments>
<arg>calc08-sum</arg>
<arg>${VEHICLE PRICE}</arg>
</arguments>
<msg timestamp="20190818 21:40:33.445" level="INFO">Typing text '10000' into text field 'calc08-sum'.</msg>
<status status="PASS" starttime="20190818 21:40:33.445" endtime="20190818 21:40:33.636"></status>
</kw>
<status status="PASS" starttime="20190818 21:40:33.444" endtime="20190818 21:40:33.636"></status>
</kw>
<kw name="Input Vehicle Downpayment" library="resource">
<arguments>
<arg>15</arg>
</arguments>
<kw name="Input Text" library="Selenium2Library">
<doc>Types the given ``text`` into text field identified by ``locator``.</doc>
<arguments>
<arg>calc08-deposit</arg>
<arg>${DOWNPAYMENT}</arg>
</arguments>
<msg timestamp="20190818 21:40:33.637" level="INFO">Typing text '15' into text field 'calc08-deposit'.</msg>
<status status="PASS" starttime="20190818 21:40:33.637" endtime="20190818 21:40:33.859"></status>
</kw>
<status status="PASS" starttime="20190818 21:40:33.636" endtime="20190818 21:40:33.859"></status>
</kw>
<kw name="Close Browser" library="Selenium2Library" type="teardown">
<doc>Closes the current browser.</doc>
<status status="PASS" starttime="20190818 21:40:33.860" endtime="20190818 21:40:35.109"></status>
</kw>
<status status="PASS" starttime="20190818 21:40:27.543" endtime="20190818 21:40:35.109" critical="yes"></status>
</test>
<test id="s1-t3" name="Car Leasing Financial Lease without VAT">
<kw name="Open Browser To Car Leasing Page" library="resource">
<kw name="Open Browser" library="Selenium2Library">
<doc>Opens a new browser instance to the given ``url``.</doc>
<arguments>
<arg>${CAR LEASING URL}</arg>
<arg>${BROWSER}</arg>
</arguments>
<msg timestamp="20190818 21:40:35.116" level="INFO">Opening browser 'Chrome' to base url 'https://www.seb.ee/eng/loan-and-leasing/leasing/car-leasing#calculator'.</msg>
<status status="PASS" starttime="20190818 21:40:35.115" endtime="20190818 21:40:39.778"></status>
</kw>
<kw name="Maximize Browser Window" library="Selenium2Library">
<doc>Maximizes current browser window.</doc>
<status status="PASS" starttime="20190818 21:40:39.778" endtime="20190818 21:40:40.019"></status>
</kw>
<kw name="Set Selenium Speed" library="Selenium2Library">
<doc>Sets the delay that is waited after each Selenium command.</doc>
<arguments>
<arg>${DELAY}</arg>
</arguments>
<status status="PASS" starttime="20190818 21:40:40.020" endtime="20190818 21:40:40.021"></status>
</kw>
<kw name="Car leasing page Should Be Open" library="resource">
<kw name="Location Should Be" library="Selenium2Library">
<doc>Verifies that current URL is exactly ``url``.</doc>
<arguments>
<arg>${CAR LEASING URL}</arg>
</arguments>
<msg timestamp="20190818 21:40:40.077" level="INFO">Current location is 'https://www.seb.ee/eng/loan-and-leasing/leasing/car-leasing#calculator'.</msg>
<status status="PASS" starttime="20190818 21:40:40.022" endtime="20190818 21:40:40.077"></status>
</kw>
<kw name="Title Should Be" library="Selenium2Library">
<doc>Verifies that current page title equals ``title``.</doc>
<arguments>
<arg>Car leasing | SEB</arg>
</arguments>
<msg timestamp="20190818 21:40:40.091" level="INFO">Page title is 'Car leasing | SEB'.</msg>
<status status="PASS" starttime="20190818 21:40:40.077" endtime="20190818 21:40:40.091"></status>
</kw>
<status status="PASS" starttime="20190818 21:40:40.022" endtime="20190818 21:40:40.091"></status>
</kw>
<status status="PASS" starttime="20190818 21:40:35.113" endtime="20190818 21:40:40.091"></status>
</kw>
<kw name="Car leasing page Should Be Open" library="resource">
<kw name="Location Should Be" library="Selenium2Library">
<doc>Verifies that current URL is exactly ``url``.</doc>
<arguments>
<arg>${CAR LEASING URL}</arg>
</arguments>
<msg timestamp="20190818 21:40:40.100" level="INFO">Current location is 'https://www.seb.ee/eng/loan-and-leasing/leasing/car-leasing#calculator'.</msg>
<status status="PASS" starttime="20190818 21:40:40.092" endtime="20190818 21:40:40.101"></status>
</kw>
<kw name="Title Should Be" library="Selenium2Library">
<doc>Verifies that current page title equals ``title``.</doc>
<arguments>
<arg>Car leasing | SEB</arg>
</arguments>
<msg timestamp="20190818 21:40:40.106" level="INFO">Page title is 'Car leasing | SEB'.</msg>
<status status="PASS" starttime="20190818 21:40:40.101" endtime="20190818 21:40:40.106"></status>
</kw>
<status status="PASS" starttime="20190818 21:40:40.092" endtime="20190818 21:40:40.107"></status>
</kw>
<kw name="Accept Cookies" library="resource">
<kw name="Click Link" library="Selenium2Library">
<doc>Clicks a link identified by ``locator``.</doc>
<arguments>
<arg>I agree</arg>
</arguments>
<msg timestamp="20190818 21:40:40.109" level="INFO">Clicking link 'I agree'.</msg>
<status status="PASS" starttime="20190818 21:40:40.108" endtime="20190818 21:40:40.404"></status>
</kw>
<status status="PASS" starttime="20190818 21:40:40.108" endtime="20190818 21:40:40.404"></status>
</kw>
<kw name="Select Leasing Calculator Frame" library="resource">
<kw name="Select Frame" library="Selenium2Library">
<doc>Sets frame identified by ``locator`` as the current frame.</doc>
<arguments>
<arg>css=.calculator-frame</arg>
</arguments>
<msg timestamp="20190818 21:40:40.406" level="INFO">Selecting frame 'css=.calculator-frame'.</msg>
<status status="PASS" starttime="20190818 21:40:40.406" endtime="20190818 21:40:40.492"></status>
</kw>
<status status="PASS" starttime="20190818 21:40:40.405" endtime="20190818 21:40:40.492"></status>
</kw>
<kw name="Select Car Financial Lease Without VAT" library="resource">
<kw name="Click Element" library="Selenium2Library">
<doc>Click element identified by ``locator``.</doc>
<arguments>
<arg>calc08-type03</arg>
</arguments>
<msg timestamp="20190818 21:40:40.494" level="INFO">Clicking element 'calc08-type03'.</msg>
<status status="PASS" starttime="20190818 21:40:40.493" endtime="20190818 21:40:40.676"></status>
</kw>
<status status="PASS" starttime="20190818 21:40:40.493" endtime="20190818 21:40:40.676"></status>
</kw>
<kw name="Input Vehicle Price Value" library="resource">
<arguments>
<arg>10000</arg>
</arguments>
<kw name="Input Text" library="Selenium2Library">
<doc>Types the given ``text`` into text field identified by ``locator``.</doc>
<arguments>
<arg>calc08-sum</arg>
<arg>${VEHICLE PRICE}</arg>
</arguments>
<msg timestamp="20190818 21:40:40.677" level="INFO">Typing text '10000' into text field 'calc08-sum'.</msg>
<status status="PASS" starttime="20190818 21:40:40.677" endtime="20190818 21:40:40.845"></status>
</kw>
<status status="PASS" starttime="20190818 21:40:40.677" endtime="20190818 21:40:40.845"></status>
</kw>
<kw name="Input Vehicle Downpayment" library="resource">
<arguments>
<arg>10</arg>
</arguments>
<kw name="Input Text" library="Selenium2Library">
<doc>Types the given ``text`` into text field identified by ``locator``.</doc>
<arguments>
<arg>calc08-deposit</arg>
<arg>${DOWNPAYMENT}</arg>
</arguments>
<msg timestamp="20190818 21:40:40.846" level="INFO">Typing text '10' into text field 'calc08-deposit'.</msg>
<status status="PASS" starttime="20190818 21:40:40.846" endtime="20190818 21:40:40.976"></status>
</kw>
<status status="PASS" starttime="20190818 21:40:40.845" endtime="20190818 21:40:40.976"></status>
</kw>
<kw name="Close Browser" library="Selenium2Library" type="teardown">
<doc>Closes the current browser.</doc>
<status status="PASS" starttime="20190818 21:40:40.977" endtime="20190818 21:40:42.202"></status>
</kw>
<status status="PASS" starttime="20190818 21:40:35.111" endtime="20190818 21:40:42.203" critical="yes"></status>
</test>
<test id="s1-t4" name="Car Leasing Negative Interest Rate">
<kw name="Open Browser To Car Leasing Page" library="resource">
<kw name="Open Browser" library="Selenium2Library">
<doc>Opens a new browser instance to the given ``url``.</doc>
<arguments>
<arg>${CAR LEASING URL}</arg>
<arg>${BROWSER}</arg>
</arguments>
<msg timestamp="20190818 21:40:42.206" level="INFO">Opening browser 'Chrome' to base url 'https://www.seb.ee/eng/loan-and-leasing/leasing/car-leasing#calculator'.</msg>
<status status="PASS" starttime="20190818 21:40:42.206" endtime="20190818 21:40:47.300"></status>
</kw>
<kw name="Maximize Browser Window" library="Selenium2Library">
<doc>Maximizes current browser window.</doc>
<status status="PASS" starttime="20190818 21:40:47.301" endtime="20190818 21:40:47.481"></status>
</kw>
<kw name="Set Selenium Speed" library="Selenium2Library">
<doc>Sets the delay that is waited after each Selenium command.</doc>
<arguments>
<arg>${DELAY}</arg>
</arguments>
<status status="PASS" starttime="20190818 21:40:47.482" endtime="20190818 21:40:47.482"></status>
</kw>
<kw name="Car leasing page Should Be Open" library="resource">
<kw name="Location Should Be" library="Selenium2Library">
<doc>Verifies that current URL is exactly ``url``.</doc>
<arguments>
<arg>${CAR LEASING URL}</arg>
</arguments>
<msg timestamp="20190818 21:40:47.558" level="INFO">Current location is 'https://www.seb.ee/eng/loan-and-leasing/leasing/car-leasing#calculator'.</msg>
<status status="PASS" starttime="20190818 21:40:47.484" endtime="20190818 21:40:47.559"></status>
</kw>
<kw name="Title Should Be" library="Selenium2Library">
<doc>Verifies that current page title equals ``title``.</doc>
<arguments>
<arg>Car leasing | SEB</arg>
</arguments>
<msg timestamp="20190818 21:40:47.577" level="INFO">Page title is 'Car leasing | SEB'.</msg>
<status status="PASS" starttime="20190818 21:40:47.559" endtime="20190818 21:40:47.578"></status>
</kw>
<status status="PASS" starttime="20190818 21:40:47.483" endtime="20190818 21:40:47.578"></status>
</kw>
<status status="PASS" starttime="20190818 21:40:42.205" endtime="20190818 21:40:47.578"></status>
</kw>
<kw name="Car leasing page Should Be Open" library="resource">
<kw name="Location Should Be" library="Selenium2Library">
<doc>Verifies that current URL is exactly ``url``.</doc>
<arguments>
<arg>${CAR LEASING URL}</arg>
</arguments>
<msg timestamp="20190818 21:40:47.615" level="INFO">Current location is 'https://www.seb.ee/eng/loan-and-leasing/leasing/car-leasing#calculator'.</msg>
<status status="PASS" starttime="20190818 21:40:47.587" endtime="20190818 21:40:47.616"></status>
</kw>
<kw name="Title Should Be" library="Selenium2Library">
<doc>Verifies that current page title equals ``title``.</doc>
<arguments>
<arg>Car leasing | SEB</arg>
</arguments>
<msg timestamp="20190818 21:40:47.628" level="INFO">Page title is 'Car leasing | SEB'.</msg>
<status status="PASS" starttime="20190818 21:40:47.616" endtime="20190818 21:40:47.628"></status>
</kw>
<status status="PASS" starttime="20190818 21:40:47.586" endtime="20190818 21:40:47.628"></status>
</kw>
<kw name="Accept Cookies" library="resource">
<kw name="Click Link" library="Selenium2Library">
<doc>Clicks a link identified by ``locator``.</doc>
<arguments>
<arg>I agree</arg>
</arguments>
<msg timestamp="20190818 21:40:47.630" level="INFO">Clicking link 'I agree'.</msg>
<status status="PASS" starttime="20190818 21:40:47.630" endtime="20190818 21:40:48.004"></status>
</kw>
<status status="PASS" starttime="20190818 21:40:47.629" endtime="20190818 21:40:48.004"></status>
</kw>
<kw name="Select Leasing Calculator Frame" library="resource">
<kw name="Select Frame" library="Selenium2Library">
<doc>Sets frame identified by ``locator`` as the current frame.</doc>
<arguments>
<arg>css=.calculator-frame</arg>
</arguments>
<msg timestamp="20190818 21:40:48.007" level="INFO">Selecting frame 'css=.calculator-frame'.</msg>
<status status="PASS" starttime="20190818 21:40:48.006" endtime="20190818 21:40:48.114"></status>
</kw>
<status status="PASS" starttime="20190818 21:40:48.005" endtime="20190818 21:40:48.114"></status>
</kw>
<kw name="Input Vehicle Price Value" library="resource">
<arguments>
<arg>10000</arg>
</arguments>
<kw name="Input Text" library="Selenium2Library">
<doc>Types the given ``text`` into text field identified by ``locator``.</doc>
<arguments>
<arg>calc08-sum</arg>
<arg>${VEHICLE PRICE}</arg>
</arguments>
<msg timestamp="20190818 21:40:48.116" level="INFO">Typing text '10000' into text field 'calc08-sum'.</msg>
<status status="PASS" starttime="20190818 21:40:48.116" endtime="20190818 21:40:48.320"></status>
</kw>
<status status="PASS" starttime="20190818 21:40:48.115" endtime="20190818 21:40:48.320"></status>
</kw>
<kw name="Input Vehicle Downpayment" library="resource">
<arguments>
<arg>10</arg>
</arguments>
<kw name="Input Text" library="Selenium2Library">
<doc>Types the given ``text`` into text field identified by ``locator``.</doc>
<arguments>
<arg>calc08-deposit</arg>
<arg>${DOWNPAYMENT}</arg>
</arguments>
<msg timestamp="20190818 21:40:48.321" level="INFO">Typing text '10' into text field 'calc08-deposit'.</msg>
<status status="PASS" starttime="20190818 21:40:48.321" endtime="20190818 21:40:48.473"></status>
</kw>
<status status="PASS" starttime="20190818 21:40:48.320" endtime="20190818 21:40:48.473"></status>
</kw>
<kw name="Close Browser" library="Selenium2Library" type="teardown">
<doc>Closes the current browser.</doc>
<status status="PASS" starttime="20190818 21:40:48.474" endtime="20190818 21:40:49.669"></status>
</kw>
<status status="PASS" starttime="20190818 21:40:42.205" endtime="20190818 21:40:49.669" critical="yes"></status>
</test>
<test id="s1-t5" name="Car Leasing Conditions Are Recalculated">
<kw name="Open Browser To Car Leasing Page" library="resource">
<kw name="Open Browser" library="Selenium2Library">
<doc>Opens a new browser instance to the given ``url``.</doc>
<arguments>
<arg>${CAR LEASING URL}</arg>
<arg>${BROWSER}</arg>
</arguments>
<msg timestamp="20190818 21:40:49.673" level="INFO">Opening browser 'Chrome' to base url 'https://www.seb.ee/eng/loan-and-leasing/leasing/car-leasing#calculator'.</msg>
<status status="PASS" starttime="20190818 21:40:49.673" endtime="20190818 21:40:55.080"></status>
</kw>
<kw name="Maximize Browser Window" library="Selenium2Library">
<doc>Maximizes current browser window.</doc>
<status status="PASS" starttime="20190818 21:40:55.080" endtime="20190818 21:40:55.354"></status>
</kw>
<kw name="Set Selenium Speed" library="Selenium2Library">
<doc>Sets the delay that is waited after each Selenium command.</doc>
<arguments>
<arg>${DELAY}</arg>
</arguments>
<status status="PASS" starttime="20190818 21:40:55.355" endtime="20190818 21:40:55.355"></status>
</kw>
<kw name="Car leasing page Should Be Open" library="resource">
<kw name="Location Should Be" library="Selenium2Library">
<doc>Verifies that current URL is exactly ``url``.</doc>
<arguments>
<arg>${CAR LEASING URL}</arg>
</arguments>
<msg timestamp="20190818 21:40:55.395" level="INFO">Current location is 'https://www.seb.ee/eng/loan-and-leasing/leasing/car-leasing#calculator'.</msg>
<status status="PASS" starttime="20190818 21:40:55.356" endtime="20190818 21:40:55.395"></status>
</kw>
<kw name="Title Should Be" library="Selenium2Library">
<doc>Verifies that current page title equals ``title``.</doc>
<arguments>
<arg>Car leasing | SEB</arg>
</arguments>
<msg timestamp="20190818 21:40:55.415" level="INFO">Page title is 'Car leasing | SEB'.</msg>
<status status="PASS" starttime="20190818 21:40:55.395" endtime="20190818 21:40:55.415"></status>
</kw>
<status status="PASS" starttime="20190818 21:40:55.356" endtime="20190818 21:40:55.415"></status>
</kw>
<status status="PASS" starttime="20190818 21:40:49.672" endtime="20190818 21:40:55.416"></status>
</kw>
<kw name="Car leasing page Should Be Open" library="resource">
<kw name="Location Should Be" library="Selenium2Library">
<doc>Verifies that current URL is exactly ``url``.</doc>
<arguments>
<arg>${CAR LEASING URL}</arg>
</arguments>
<msg timestamp="20190818 21:40:55.431" level="INFO">Current location is 'https://www.seb.ee/eng/loan-and-leasing/leasing/car-leasing#calculator'.</msg>
<status status="PASS" starttime="20190818 21:40:55.418" endtime="20190818 21:40:55.431"></status>
</kw>
<kw name="Title Should Be" library="Selenium2Library">
<doc>Verifies that current page title equals ``title``.</doc>
<arguments>
<arg>Car leasing | SEB</arg>
</arguments>
<msg timestamp="20190818 21:40:55.443" level="INFO">Page title is 'Car leasing | SEB'.</msg>
<status status="PASS" starttime="20190818 21:40:55.432" endtime="20190818 21:40:55.444"></status>
</kw>
<status status="PASS" starttime="20190818 21:40:55.417" endtime="20190818 21:40:55.444"></status>
</kw>
<kw name="Accept Cookies" library="resource">
<kw name="Click Link" library="Selenium2Library">
<doc>Clicks a link identified by ``locator``.</doc>
<arguments>
<arg>I agree</arg>
</arguments>
<msg timestamp="20190818 21:40:55.446" level="INFO">Clicking link 'I agree'.</msg>
<status status="PASS" starttime="20190818 21:40:55.445" endtime="20190818 21:40:55.963"></status>
</kw>
<status status="PASS" starttime="20190818 21:40:55.445" endtime="20190818 21:40:55.963"></status>
</kw>
<kw name="Select Leasing Calculator Frame" library="resource">
<kw name="Select Frame" library="Selenium2Library">
<doc>Sets frame identified by ``locator`` as the current frame.</doc>
<arguments>
<arg>css=.calculator-frame</arg>
</arguments>
<msg timestamp="20190818 21:40:55.965" level="INFO">Selecting frame 'css=.calculator-frame'.</msg>
<status status="PASS" starttime="20190818 21:40:55.964" endtime="20190818 21:40:56.069"></status>
</kw>
<status status="PASS" starttime="20190818 21:40:55.964" endtime="20190818 21:40:56.069"></status>
</kw>
<kw name="Input Vehicle Price Value" library="resource">
<arguments>
<arg>10000</arg>
</arguments>
<kw name="Input Text" library="Selenium2Library">
<doc>Types the given ``text`` into text field identified by ``locator``.</doc>
<arguments>
<arg>calc08-sum</arg>
<arg>${VEHICLE PRICE}</arg>
</arguments>
<msg timestamp="20190818 21:40:56.071" level="INFO">Typing text '10000' into text field 'calc08-sum'.</msg>
<status status="PASS" starttime="20190818 21:40:56.071" endtime="20190818 21:40:56.313"></status>
</kw>
<status status="PASS" starttime="20190818 21:40:56.070" endtime="20190818 21:40:56.313"></status>
</kw>
<kw name="Input Vehicle Downpayment" library="resource">
<arguments>
<arg>10</arg>
</arguments>
<kw name="Input Text" library="Selenium2Library">
<doc>Types the given ``text`` into text field identified by ``locator``.</doc>
<arguments>
<arg>calc08-deposit</arg>
<arg>${DOWNPAYMENT}</arg>
</arguments>
<msg timestamp="20190818 21:40:56.315" level="INFO">Typing text '10' into text field 'calc08-deposit'.</msg>
<status status="PASS" starttime="20190818 21:40:56.315" endtime="20190818 21:40:56.498"></status>
</kw>
<status status="PASS" starttime="20190818 21:40:56.314" endtime="20190818 21:40:56.499"></status>
</kw>
<kw name="Input Vehicle Price Value" library="resource">
<arguments>
<arg>20000</arg>
</arguments>
<kw name="Input Text" library="Selenium2Library">
<doc>Types the given ``text`` into text field identified by ``locator``.</doc>
<arguments>
<arg>calc08-sum</arg>
<arg>${VEHICLE PRICE}</arg>
</arguments>
<msg timestamp="20190818 21:40:56.502" level="INFO">Typing text '20000' into text field 'calc08-sum'.</msg>
<status status="PASS" starttime="20190818 21:40:56.502" endtime="20190818 21:40:56.745"></status>
</kw>
<status status="PASS" starttime="20190818 21:40:56.501" endtime="20190818 21:40:56.745"></status>
</kw>
<kw name="Input Vehicle Downpayment" library="resource">
<arguments>
<arg>20</arg>
</arguments>
<kw name="Input Text" library="Selenium2Library">
<doc>Types the given ``text`` into text field identified by ``locator``.</doc>
<arguments>
<arg>calc08-deposit</arg>
<arg>${DOWNPAYMENT}</arg>
</arguments>
<msg timestamp="20190818 21:40:56.749" level="INFO">Typing text '20' into text field 'calc08-deposit'.</msg>
<status status="PASS" starttime="20190818 21:40:56.748" endtime="20190818 21:40:56.930"></status>
</kw>
<status status="PASS" starttime="20190818 21:40:56.747" endtime="20190818 21:40:56.930"></status>
</kw>
<kw name="Close Browser" library="Selenium2Library" type="teardown">
<doc>Closes the current browser.</doc>
<status status="PASS" starttime="20190818 21:40:56.934" endtime="20190818 21:40:58.169"></status>
</kw>
<status status="PASS" starttime="20190818 21:40:49.671" endtime="20190818 21:40:58.170" critical="yes"></status>
</test>
<test id="s1-t6" name="Car Leasing Payment Schedule Generated">
<kw name="Open Browser To Car Leasing Page" library="resource">
<kw name="Open Browser" library="Selenium2Library">
<doc>Opens a new browser instance to the given ``url``.</doc>
<arguments>
<arg>${CAR LEASING URL}</arg>
<arg>${BROWSER}</arg>
</arguments>
<msg timestamp="20190818 21:40:58.174" level="INFO">Opening browser 'Chrome' to base url 'https://www.seb.ee/eng/loan-and-leasing/leasing/car-leasing#calculator'.</msg>
<status status="PASS" starttime="20190818 21:40:58.174" endtime="20190818 21:41:02.777"></status>
</kw>
<kw name="Maximize Browser Window" library="Selenium2Library">
<doc>Maximizes current browser window.</doc>
<status status="PASS" starttime="20190818 21:41:02.777" endtime="20190818 21:41:03.214"></status>
</kw>
<kw name="Set Selenium Speed" library="Selenium2Library">
<doc>Sets the delay that is waited after each Selenium command.</doc>
<arguments>
<arg>${DELAY}</arg>
</arguments>
<status status="PASS" starttime="20190818 21:41:03.215" endtime="20190818 21:41:03.215"></status>
</kw>
<kw name="Car leasing page Should Be Open" library="resource">
<kw name="Location Should Be" library="Selenium2Library">
<doc>Verifies that current URL is exactly ``url``.</doc>
<arguments>
<arg>${CAR LEASING URL}</arg>
</arguments>
<msg timestamp="20190818 21:41:03.243" level="INFO">Current location is 'https://www.seb.ee/eng/loan-and-leasing/leasing/car-leasing#calculator'.</msg>
<status status="PASS" starttime="20190818 21:41:03.216" endtime="20190818 21:41:03.243"></status>
</kw>
<kw name="Title Should Be" library="Selenium2Library">
<doc>Verifies that current page title equals ``title``.</doc>
<arguments>
<arg>Car leasing | SEB</arg>
</arguments>
<msg timestamp="20190818 21:41:03.258" level="INFO">Page title is 'Car leasing | SEB'.</msg>
<status status="PASS" starttime="20190818 21:41:03.244" endtime="20190818 21:41:03.259"></status>
</kw>
<status status="PASS" starttime="20190818 21:41:03.216" endtime="20190818 21:41:03.259"></status>
</kw>
<status status="PASS" starttime="20190818 21:40:58.173" endtime="20190818 21:41:03.259"></status>
</kw>
<kw name="Car leasing page Should Be Open" library="resource">
<kw name="Location Should Be" library="Selenium2Library">
<doc>Verifies that current URL is exactly ``url``.</doc>
<arguments>
<arg>${CAR LEASING URL}</arg>
</arguments>
<msg timestamp="20190818 21:41:03.269" level="INFO">Current location is 'https://www.seb.ee/eng/loan-and-leasing/leasing/car-leasing#calculator'.</msg>
<status status="PASS" starttime="20190818 21:41:03.261" endtime="20190818 21:41:03.269"></status>
</kw>
<kw name="Title Should Be" library="Selenium2Library">
<doc>Verifies that current page title equals ``title``.</doc>
<arguments>
<arg>Car leasing | SEB</arg>
</arguments>
<msg timestamp="20190818 21:41:03.281" level="INFO">Page title is 'Car leasing | SEB'.</msg>
<status status="PASS" starttime="20190818 21:41:03.270" endtime="20190818 21:41:03.281"></status>
</kw>
<status status="PASS" starttime="20190818 21:41:03.260" endtime="20190818 21:41:03.281"></status>
</kw>
<kw name="Accept Cookies" library="resource">
<kw name="Click Link" library="Selenium2Library">
<doc>Clicks a link identified by ``locator``.</doc>
<arguments>
<arg>I agree</arg>
</arguments>
<msg timestamp="20190818 21:41:03.283" level="INFO">Clicking link 'I agree'.</msg>
<status status="PASS" starttime="20190818 21:41:03.283" endtime="20190818 21:41:03.656"></status>
</kw>
<status status="PASS" starttime="20190818 21:41:03.282" endtime="20190818 21:41:03.656"></status>
</kw>
<kw name="Select Leasing Calculator Frame" library="resource">
<kw name="Select Frame" library="Selenium2Library">
<doc>Sets frame identified by ``locator`` as the current frame.</doc>
<arguments>
<arg>css=.calculator-frame</arg>
</arguments>
<msg timestamp="20190818 21:41:03.658" level="INFO">Selecting frame 'css=.calculator-frame'.</msg>
<status status="PASS" starttime="20190818 21:41:03.658" endtime="20190818 21:41:03.754"></status>
</kw>
<status status="PASS" starttime="20190818 21:41:03.657" endtime="20190818 21:41:03.755"></status>
</kw>
<kw name="Input Vehicle Price Value" library="resource">
<arguments>
<arg>10000</arg>
</arguments>
<kw name="Input Text" library="Selenium2Library">
<doc>Types the given ``text`` into text field identified by ``locator``.</doc>
<arguments>
<arg>calc08-sum</arg>
<arg>${VEHICLE PRICE}</arg>
</arguments>
<msg timestamp="20190818 21:41:03.757" level="INFO">Typing text '10000' into text field 'calc08-sum'.</msg>
<status status="PASS" starttime="20190818 21:41:03.756" endtime="20190818 21:41:03.955"></status>
</kw>
<status status="PASS" starttime="20190818 21:41:03.755" endtime="20190818 21:41:03.956"></status>
</kw>
<kw name="Input Vehicle Downpayment" library="resource">
<arguments>
<arg>10</arg>
</arguments>
<kw name="Input Text" library="Selenium2Library">
<doc>Types the given ``text`` into text field identified by ``locator``.</doc>
<arguments>
<arg>calc08-deposit</arg>
<arg>${DOWNPAYMENT}</arg>
</arguments>
<msg timestamp="20190818 21:41:03.957" level="INFO">Typing text '10' into text field 'calc08-deposit'.</msg>
<status status="PASS" starttime="20190818 21:41:03.957" endtime="20190818 21:41:04.113"></status>
</kw>
<status status="PASS" starttime="20190818 21:41:03.956" endtime="20190818 21:41:04.114"></status>
</kw>
<kw name="Display Car Leasing Schedule" library="resource">
<kw name="Click Element" library="Selenium2Library">
<doc>Click element identified by ``locator``.</doc>
<arguments>
<arg>value-payment-schedule</arg>
</arguments>
<msg timestamp="20190818 21:41:04.117" level="INFO">Clicking element 'value-payment-schedule'.</msg>
<status status="PASS" starttime="20190818 21:41:04.116" endtime="20190818 21:41:04.437"></status>
</kw>
<status status="PASS" starttime="20190818 21:41:04.115" endtime="20190818 21:41:04.437"></status>
</kw>
<kw name="Close Browser" library="Selenium2Library" type="teardown">
<doc>Closes the current browser.</doc>
<status status="PASS" starttime="20190818 21:41:04.438" endtime="20190818 21:41:05.634"></status>
</kw>
<status status="PASS" starttime="20190818 21:40:58.172" endtime="20190818 21:41:05.635" critical="yes"></status>
</test>
<test id="s1-t7" name="Car Leasing Add to comparision">
<kw name="Open Browser To Car Leasing Page" library="resource">
<kw name="Open Browser" library="Selenium2Library">
<doc>Opens a new browser instance to the given ``url``.</doc>
<arguments>
<arg>${CAR LEASING URL}</arg>
<arg>${BROWSER}</arg>
</arguments>
<msg timestamp="20190818 21:41:05.638" level="INFO">Opening browser 'Chrome' to base url 'https://www.seb.ee/eng/loan-and-leasing/leasing/car-leasing#calculator'.</msg>
<status status="PASS" starttime="20190818 21:41:05.637" endtime="20190818 21:41:10.302"></status>
</kw>
<kw name="Maximize Browser Window" library="Selenium2Library">
<doc>Maximizes current browser window.</doc>
<status status="PASS" starttime="20190818 21:41:10.303" endtime="20190818 21:41:10.588"></status>
</kw>
<kw name="Set Selenium Speed" library="Selenium2Library">
<doc>Sets the delay that is waited after each Selenium command.</doc>
<arguments>
<arg>${DELAY}</arg>
</arguments>
<status status="PASS" starttime="20190818 21:41:10.588" endtime="20190818 21:41:10.589"></status>
</kw>
<kw name="Car leasing page Should Be Open" library="resource">
<kw name="Location Should Be" library="Selenium2Library">
<doc>Verifies that current URL is exactly ``url``.</doc>
<arguments>
<arg>${CAR LEASING URL}</arg>
</arguments>
<msg timestamp="20190818 21:41:10.604" level="INFO">Current location is 'https://www.seb.ee/eng/loan-and-leasing/leasing/car-leasing#calculator'.</msg>
<status status="PASS" starttime="20190818 21:41:10.590" endtime="20190818 21:41:10.604"></status>
</kw>
<kw name="Title Should Be" library="Selenium2Library">
<doc>Verifies that current page title equals ``title``.</doc>
<arguments>
<arg>Car leasing | SEB</arg>
</arguments>
<msg timestamp="20190818 21:41:10.617" level="INFO">Page title is 'Car leasing | SEB'.</msg>
<status status="PASS" starttime="20190818 21:41:10.605" endtime="20190818 21:41:10.618"></status>
</kw>
<status status="PASS" starttime="20190818 21:41:10.589" endtime="20190818 21:41:10.618"></status>
</kw>
<status status="PASS" starttime="20190818 21:41:05.637" endtime="20190818 21:41:10.619"></status>
</kw>
<kw name="Car leasing page Should Be Open" library="resource">
<kw name="Location Should Be" library="Selenium2Library">
<doc>Verifies that current URL is exactly ``url``.</doc>
<arguments>
<arg>${CAR LEASING URL}</arg>
</arguments>
<msg timestamp="20190818 21:41:10.628" level="INFO">Current location is 'https://www.seb.ee/eng/loan-and-leasing/leasing/car-leasing#calculator'.</msg>
<status status="PASS" starttime="20190818 21:41:10.621" endtime="20190818 21:41:10.629"></status>
</kw>
<kw name="Title Should Be" library="Selenium2Library">
<doc>Verifies that current page title equals ``title``.</doc>
<arguments>
<arg>Car leasing | SEB</arg>
</arguments>
<msg timestamp="20190818 21:41:10.635" level="INFO">Page title is 'Car leasing | SEB'.</msg>
<status status="PASS" starttime="20190818 21:41:10.629" endtime="20190818 21:41:10.636"></status>
</kw>
<status status="PASS" starttime="20190818 21:41:10.620" endtime="20190818 21:41:10.636"></status>
</kw>
<kw name="Accept Cookies" library="resource">
<kw name="Click Link" library="Selenium2Library">
<doc>Clicks a link identified by ``locator``.</doc>
<arguments>
<arg>I agree</arg>
</arguments>
<msg timestamp="20190818 21:41:10.638" level="INFO">Clicking link 'I agree'.</msg>
<status status="PASS" starttime="20190818 21:41:10.637" endtime="20190818 21:41:10.938"></status>
</kw>
<status status="PASS" starttime="20190818 21:41:10.637" endtime="20190818 21:41:10.938"></status>
</kw>
<kw name="Select Leasing Calculator Frame" library="resource">
<kw name="Select Frame" library="Selenium2Library">
<doc>Sets frame identified by ``locator`` as the current frame.</doc>
<arguments>
<arg>css=.calculator-frame</arg>
</arguments>
<msg timestamp="20190818 21:41:10.942" level="INFO">Selecting frame 'css=.calculator-frame'.</msg>
<status status="PASS" starttime="20190818 21:41:10.941" endtime="20190818 21:41:11.022"></status>
</kw>
<status status="PASS" starttime="20190818 21:41:10.941" endtime="20190818 21:41:11.022"></status>
</kw>
<kw name="Add Car Leasing Result To Comparision" library="resource">
<kw name="Click Element" library="Selenium2Library">
<doc>Click element identified by ``locator``.</doc>
<arguments>
<arg>css=.a.calc08-action-compare</arg>
</arguments>
<msg timestamp="20190818 21:41:11.023" level="INFO">Clicking element 'css=.a.calc08-action-compare'.</msg>
<kw name="Capture Page Screenshot" library="Selenium2Library">
<doc>Takes screenshot of the current page and embeds it into log file.</doc>
<msg timestamp="20190818 21:41:11.580" level="INFO" html="yes">&lt;/td&gt;&lt;/tr&gt;&lt;tr&gt;&lt;td colspan="3"&gt;&lt;a href="selenium-screenshot-3.png"&gt;&lt;img src="selenium-screenshot-3.png" width="800px"&gt;&lt;/a&gt;</msg>
<status status="PASS" starttime="20190818 21:41:11.045" endtime="20190818 21:41:11.581"></status>
</kw>
<msg timestamp="20190818 21:41:11.585" level="FAIL">Element with locator 'css=.a.calc08-action-compare' not found.</msg>
<status status="FAIL" starttime="20190818 21:41:11.023" endtime="20190818 21:41:11.585"></status>
</kw>
<status status="FAIL" starttime="20190818 21:41:11.022" endtime="20190818 21:41:11.586"></status>
</kw>
<kw name="Close Browser" library="Selenium2Library" type="teardown">
<doc>Closes the current browser.</doc>
<status status="PASS" starttime="20190818 21:41:11.587" endtime="20190818 21:41:12.790"></status>
</kw>
<status status="FAIL" starttime="20190818 21:41:05.636" endtime="20190818 21:41:12.791" critical="yes">Element with locator 'css=.a.calc08-action-compare' not found.</status>
</test>
<doc>A test suite with a several test cases for Car leasing calculator

This test has a workflow that is created using keywords in
the imported resource file.</doc>
<status status="FAIL" starttime="20190818 21:40:10.118" endtime="20190818 21:41:12.794"></status>
</suite>
<statistics>
<total>
<stat pass="6" fail="1">Critical Tests</stat>
<stat pass="6" fail="1">All Tests</stat>
</total>
<tag>
</tag>
<suite>
<stat pass="6" fail="1" id="s1" name="Car Leasing">Car Leasing</stat>
</suite>
</statistics>
<errors>
</errors>
</robot>
